HEAD is now at 584ae4f... Merge pull request #2265 from seqan/develop
merge: origin/seqan-v2.4.0 - not something we can merge

===================================================
            Building SeqAn 64Bit 
===================================================
/buffer/ag_abi/knime_packaging/seqan/seqan-build /group/ag_abi/SeqAn/knime_packaging
-- The CXX compiler identification is GNU 7.1.0
-- Check for working CXX compiler: /group/ag_abi/software/bin/g++-7
-- Check for working CXX compiler: /group/ag_abi/software/bin/g++-7 -- works
-- Detecting CXX compiler ABI info
-- Detecting CXX compiler ABI info - done
-- Initializing SeqAn Build System...
-- Building static apps.
-- Scanning dependencies once in DEVELOP mode...
-- Try OpenMP CXX flag = [-fopenmp]
-- Performing Test OpenMP_FLAG_DETECTED
-- Performing Test OpenMP_FLAG_DETECTED - Success
-- Found OpenMP: -fopenmp  
-- Found ZLIB: /usr/lib/x86_64-linux-gnu/libz.a (found version "1.2.8") 
-- Found BZip2: /usr/lib/x86_64-linux-gnu/libbz2.a (found version "1.0.6") 
-- Looking for BZ2_bzCompressInit
-- Looking for BZ2_bzCompressInit - found
-- Boost version: 1.55.0
-- Performing Test CXX14_BUILTIN
-- Performing Test CXX14_BUILTIN - Success
-- Looking for C++ include execinfo.h
-- Looking for C++ include execinfo.h - found
-- Found Seqan: /buffer/ag_abi/knime_packaging/seqan/seqan/include (found version "2.4.0")
--   Selected repository dir: /buffer/ag_abi/knime_packaging/seqan/seqan
--   Determined repository date is 2018-02-02_17:33:52_+0100
--   Determined repository revision is 584ae4f
-- Configuring tests
-- Configuring tests
-- Configuring tests/map
-- Configuring tests/arg_parse
-- Configuring tests/modifier
-- Configuring tests/store
-- Configuring tests/rna_io
-- Configuring tests/test_ucsc_io
-- Configuring tests/random
-- Configuring tests/consensus
-- Configuring tests/platform
-- Configuring tests/seq_io
-- Configuring tests/tabix_io
-- Configuring tests/modifier_cyclic_shape
-- Configuring tests/basic
-- Configuring tests/align_split
-- Configuring tests/align_profile
-- Configuring tests/graph_align
-- Configuring tests/find
-- Configuring tests/bam_io
-- Configuring tests/sequence
-- Configuring tests/parallel
-- Configuring tests/blast
-- Configuring tests/multiple_translation_units
-- Configuring tests/sequence_journaled
-- Configuring tests/reduced_aminoacid
-- Configuring tests/journaled_string_tree
-- Configuring tests/bed_io
-- Configuring tests/parse_lm
-- Configuring tests/gff_io
-- Configuring tests/score
-- Configuring tests/pipe
-- Configuring tests/consensus_v2
-- Configuring tests/misc
-- Configuring tests/graph_msa
-- Configuring tests/graph_types
-- Configuring tests/translation
-- Configuring tests/seeds
-- Configuring tests/align
-- Could NOT find SDE: Intel(R) Software Development Emulator (sde) (missing:  SDE_EXECUTABLE SDE_VERSION_STRING) 
-- Could NOT find Umesimd (missing:  UMESIMD_INCLUDE_DIR) 
-- Performing Test SSE4_SOURCE_RUNS
-- Performing Test SSE4_SOURCE_RUNS - Success
-- Performing Test SSE4_SOURCE_RUNS
-- Performing Test SSE4_SOURCE_RUNS - Success (Compiled & Host CPU support)
-- Performing Test AVX2_SOURCE_RUNS
-- Performing Test AVX2_SOURCE_RUNS - Failed
-- Performing Test AVX2_SOURCE_RUNS
-- Performing Test AVX2_SOURCE_RUNS - Success (Compiled)
-- Performing Test AVX512_KNL_SOURCE_RUNS
-- Performing Test AVX512_KNL_SOURCE_RUNS - Failed
-- Performing Test AVX512_KNL_SOURCE_RUNS
-- Performing Test AVX512_KNL_SOURCE_RUNS - Failed
-- => Abort simd detection of newer instruction sets
-- Performing Test SEQAN_SIMD_SEQANSIMD_SUPPORTED
-- Performing Test SEQAN_SIMD_SEQANSIMD_SUPPORTED - Success
-- Performing Test SEQANSIMD_AVX512_KNL_SOURCE_RUNS
-- Performing Test SEQANSIMD_AVX512_KNL_SOURCE_RUNS - Failed
-- Performing Test SEQANSIMD_AVX512_KNL_SOURCE_RUNS
-- Performing Test SEQANSIMD_AVX512_KNL_SOURCE_RUNS - Success (Compiled)
-- Intel Software Development Emulator not found, not building platform emulated tests.
-- Intel Software Development Emulator not found, not building platform emulated tests.
-- Intel Software Development Emulator not found, not building platform emulated tests.
-- Intel Software Development Emulator not found, not building platform emulated tests.
-- Configuring tests/align_parallel
-- Could NOT find SDE: Intel(R) Software Development Emulator (sde) (missing:  SDE_EXECUTABLE SDE_VERSION_STRING) 
-- Could NOT find Umesimd (missing:  UMESIMD_INCLUDE_DIR) 
-- Intel Software Development Emulator not found, not building platform emulated tests.
-- Intel Software Development Emulator not found, not building platform emulated tests.
-- Configuring tests/simd
-- Could NOT find SDE: Intel(R) Software Development Emulator (sde) (missing:  SDE_EXECUTABLE SDE_VERSION_STRING) 
-- Could NOT find Umesimd (missing:  UMESIMD_INCLUDE_DIR) 
-- Intel Software Development Emulator not found, not building platform emulated tests.
-- Configuring tests/find_swift
-- Configuring tests/stream
-- Configuring tests/journaled_set
-- Configuring tests/index
-- Configuring tests/align_extend
-- Configuring tests/alignment_free
-- Configuring tests/graph_algorithms
-- Configuring tests/realign
-- Configuring tests/roi_io
-- Configuring tests/vcf_io
-- Configuring tests/simple_intervals_io
-- Configuring tests/statistics
-- Configuring demos
-- Found PythonInterp: /usr/bin/python2.7 (found suitable version "2.7.9", minimum required is "2.7") 
-- Configuring manual
-- Could NOT find Sphinx (missing:  SPHINX_EXECUTABLE) 
--   Sphinx not found, not building sphinx manual as a test.
-- Configuring dox
-- Configuring util/py_lib
--   adding nosetests for seqan.dox
-- Configuring apps
-- Configuring apps/alf
-- Configuring apps/param_chooser
-- Configuring apps/splazers
-- Configuring apps/rabema
-- Configuring apps/dfi
-- Configuring apps/rep_sep
-- Configuring apps/stellar
-- Configuring apps/sam2matrix
-- Configuring apps/yara
-- Configuring apps/razers
-- Configuring apps/fx_tools
-- Configuring apps/micro_razers
-- Configuring apps/fiona
-- Configuring apps/searchjoin
-- Configuring apps/samcat
-- Configuring apps/seqan_tcoffee
-- Configuring apps/gustaf
-- Configuring apps/ngs_roi
-- Configuring apps/mason2
-- Configuring apps/sgip
-- Configuring apps/snp_store
-- Configuring apps/pair_align
-- Configuring apps/insegt
-- Configuring apps/razers3
-- Configuring apps/bs_tools
-- Configuring apps/tree_recon
-- Configuring apps/seqcons2
-- Configuring apps/sak
-- Configuring done
-- Generating done
-- Build files have been written to: /buffer/ag_abi/knime_packaging/seqan/seqan-build
Scanning dependencies of target seqan_library
[  0%] Built target seqan_library
Scanning dependencies of target samcat
Scanning dependencies of target rabema_prepare_sam
Scanning dependencies of target fx_bam_coverage
Scanning dependencies of target fx_fastq_stats
Scanning dependencies of target sam2matrix
Scanning dependencies of target rabema_evaluate
Scanning dependencies of target tree_recon
Scanning dependencies of target rabema_build_gold_standard
[  0%] [  0%] Building CXX object apps/rabema/CMakeFiles/rabema_prepare_sam.dir/prepare_sam.cpp.o
Building CXX object apps/samcat/CMakeFiles/samcat.dir/samcat.cpp.o
[  0%] Scanning dependencies of target fiona
[  5%] [  5%] [  5%] Building CXX object apps/fx_tools/CMakeFiles/fx_bam_coverage.dir/fx_bam_coverage.cpp.o
Building CXX object apps/sam2matrix/CMakeFiles/sam2matrix.dir/sam2matrix.cpp.o
Building CXX object apps/fx_tools/CMakeFiles/fx_fastq_stats.dir/fx_fastq_stats.cpp.o
[ 11%] Building CXX object apps/tree_recon/CMakeFiles/tree_recon.dir/tree_recon.cpp.o
[ 11%] Scanning dependencies of target yara_indexer
Scanning dependencies of target yara_mapper
Building CXX object apps/rabema/CMakeFiles/rabema_build_gold_standard.dir/rabema_build_gold_standard.cpp.o
Scanning dependencies of target alf
Building CXX object apps/rabema/CMakeFiles/rabema_evaluate.dir/rabema_evaluate.cpp.o
Scanning dependencies of target dfi
Scanning dependencies of target stellar
[ 11%] Building CXX object apps/fiona/CMakeFiles/fiona.dir/fiona.cpp.o
[ 11%] [ 17%] Scanning dependencies of target razers
[ 23%] [ 23%] Building CXX object apps/yara/CMakeFiles/yara_indexer.dir/indexer.cpp.o
Building CXX object apps/alf/CMakeFiles/alf.dir/alf.cpp.o
Building CXX object apps/yara/CMakeFiles/yara_mapper.dir/mapper.cpp.o
[ 23%] Building CXX object apps/dfi/CMakeFiles/dfi.dir/dfi.cpp.o
Building CXX object apps/stellar/CMakeFiles/stellar.dir/stellar.cpp.o
[ 23%] Building CXX object apps/razers/CMakeFiles/razers.dir/razers.cpp.o
Scanning dependencies of target mason_sim
[ 23%] Building CXX object apps/mason2/CMakeFiles/mason_sim.dir/external_split_merge.cpp.o
[ 23%] Building CXX object apps/mason2/CMakeFiles/mason_sim.dir/genomic_variants.cpp.o
Linking CXX executable ../../bin/tree_recon
Linking CXX executable ../../bin/fx_fastq_stats
[ 23%] Built target tree_recon
[ 23%] Building CXX object apps/razers/CMakeFiles/razers.dir/param_tabs.cpp.o
Linking CXX executable ../../bin/rabema_prepare_sam
Linking CXX executable ../../bin/sam2matrix
Linking CXX executable ../../bin/fx_bam_coverage
[ 23%] Built target fx_fastq_stats
Scanning dependencies of target seqan_tcoffee
[ 29%] Building CXX object apps/seqan_tcoffee/CMakeFiles/seqan_tcoffee.dir/seqan_tcoffee.cpp.o
[ 29%] Built target rabema_prepare_sam
[ 29%] Building CXX object apps/mason2/CMakeFiles/mason_sim.dir/mason_options.cpp.o
[ 29%] Built target sam2matrix
[ 29%] [ 29%] Built target fx_bam_coverage
Building CXX object apps/mason2/CMakeFiles/mason_sim.dir/methylation_levels.cpp.o
[ 29%] Building CXX object apps/mason2/CMakeFiles/mason_sim.dir/simulate_454.cpp.o
[ 29%] Building CXX object apps/mason2/CMakeFiles/mason_sim.dir/simulate_base.cpp.o
Linking CXX executable ../../bin/rabema_build_gold_standard
Scanning dependencies of target fiona_illumina
[ 29%] Building CXX object apps/fiona/CMakeFiles/fiona_illumina.dir/fiona.cpp.o
Linking CXX executable ../../bin/alf
[ 29%] Built target rabema_build_gold_standard
Scanning dependencies of target compute_gain
[ 29%] Building CXX object apps/fiona/CMakeFiles/compute_gain.dir/compute_gain.cpp.o
Linking CXX executable ../../bin/samcat
[ 29%] Built target alf
Scanning dependencies of target casbar
[ 29%] Building CXX object apps/bs_tools/CMakeFiles/casbar.dir/casbar.cpp.o
[ 29%] Built target samcat
Scanning dependencies of target snp_store
[ 29%] Building CXX object apps/snp_store/CMakeFiles/snp_store.dir/snp_store.cpp.o
Linking CXX executable ../../bin/rabema_evaluate
Linking CXX executable ../../bin/dfi
[ 29%] Built target rabema_evaluate
Scanning dependencies of target insegt
[ 29%] Building CXX object apps/insegt/CMakeFiles/insegt.dir/insegt.cpp.o
[ 29%] Built target dfi
[ 35%] Building CXX object apps/mason2/CMakeFiles/mason_sim.dir/simulate_genome.cpp.o
[ 35%] Building CXX object apps/mason2/CMakeFiles/mason_sim.dir/simulate_illumina.cpp.o
Scanning dependencies of target bisar
[ 35%] Building CXX object apps/bs_tools/CMakeFiles/bisar.dir/bisar.cpp.o
Scanning dependencies of target four2three
Scanning dependencies of target razers3
[ 35%] Building CXX object apps/bs_tools/CMakeFiles/four2three.dir/four2three.cpp.o
[ 35%] Building CXX object apps/razers3/CMakeFiles/razers3.dir/razers.cpp.o
[ 35%] Building CXX object apps/mason2/CMakeFiles/mason_sim.dir/simulate_sanger.cpp.o
Scanning dependencies of target sak
[ 35%] Building CXX object apps/sak/CMakeFiles/sak.dir/sak.cpp.o
Linking CXX executable ../../bin/razers
[ 35%] Built target razers
[ 35%] Building CXX object apps/mason2/CMakeFiles/mason_sim.dir/vcf_materialization.cpp.o
Linking CXX executable ../../bin/compute_gain
[ 35%] Built target compute_gain
[ 35%] Building CXX object apps/razers3/CMakeFiles/razers3.dir/param_tabs.cpp.o
Linking CXX executable ../../bin/four2three
Linking CXX executable ../../bin/fiona
[ 35%] Built target four2three
Linking CXX executable ../../bin/stellar
[ 35%] Built target fiona
Linking CXX executable ../../bin/insegt
[ 35%] Built target stellar
[ 35%] Built target insegt
Linking CXX static library libmason_sim.a
[ 35%] Built target mason_sim
Scanning dependencies of target mason_genome
Scanning dependencies of target mason_frag_sequencing
Scanning dependencies of target mason_materializer
Scanning dependencies of target mason_simulator
Scanning dependencies of target mason_variator
[ 35%] [ 35%] [ 35%] Building CXX object apps/mason2/CMakeFiles/mason_genome.dir/mason_genome.cpp.o
Building CXX object apps/mason2/CMakeFiles/mason_frag_sequencing.dir/mason_frag_sequencing.cpp.o
Building CXX object apps/mason2/CMakeFiles/mason_materializer.dir/mason_materializer.cpp.o
[ 35%] [ 35%] Building CXX object apps/mason2/CMakeFiles/mason_variator.dir/mason_variator.cpp.o
Building CXX object apps/mason2/CMakeFiles/mason_simulator.dir/mason_simulator.cpp.o
Linking CXX executable ../../bin/bisar
[ 35%] Built target bisar
Linking CXX executable ../../bin/sak
[ 35%] Built target sak
Linking CXX executable ../../bin/casbar
Linking CXX executable ../../bin/snp_store
[ 35%] Built target casbar
[ 35%] Built target snp_store
Linking CXX executable ../../bin/fiona_illumina
Linking CXX executable ../../bin/yara_indexer
Linking CXX executable ../../bin/seqan_tcoffee
[ 35%] Built target fiona_illumina
Linking CXX executable ../../bin/mason_genome
[ 35%] Built target yara_indexer
[ 35%] Built target seqan_tcoffee
[ 35%] Built target mason_genome
Linking CXX executable ../../bin/mason_materializer
Linking CXX executable ../../bin/mason_frag_sequencing
[ 35%] Built target mason_materializer
[ 35%] Built target mason_frag_sequencing
Linking CXX executable ../../bin/mason_variator
Linking CXX executable ../../bin/mason_simulator
[ 35%] Built target mason_variator
[ 35%] Built target mason_simulator
Linking CXX executable ../../bin/razers3
[ 35%] Built target razers3
make[3]: *** Deleting file 'apps/yara/CMakeFiles/yara_mapper.dir/mapper.cpp.o'
apps/yara/CMakeFiles/yara_mapper.dir/build.make:54: recipe for target 'apps/yara/CMakeFiles/yara_mapper.dir/mapper.cpp.o' failed
make[3]: *** [apps/yara/CMakeFiles/yara_mapper.dir/mapper.cpp.o] Interrupt
CMakeFiles/Makefile2:20788: recipe for target 'apps/yara/CMakeFiles/yara_mapper.dir/all' failed
make[2]: *** [apps/yara/CMakeFiles/yara_mapper.dir/all] Interrupt
CMakeFiles/Makefile2:97: recipe for target 'CMakeFiles/prepare_workflow_plugin.dir/rule' failed
make[1]: *** [CMakeFiles/prepare_workflow_plugin.dir/rule] Interrupt
Makefile:161: recipe for target 'prepare_workflow_plugin' failed
make: *** [prepare_workflow_plugin] Interrupt
